Build started 3.6.2013 13:07:00.
     1>Project "C:\Users\Joona\Desktop\Kaupallinen-pelisovellus---kes-kurssi\Steamworks\Steamworks\Steamworks.vcxproj" on node 2 (build target(s)).
     1>InitializeBuildStatus:
         Creating "Debug\Steamworks.unsuccessfulbuild" because "AlwaysCreate" was specified.
       ClCompile:
         C:\Program Files (x86)\Microsoft Visual Studio 10.0\VC\bin\CL.exe /c /I"C:\Users\Joona\Desktop\Kaupallinen-pelisovellus---kes-kurssi\Steamworks\Dependencies\SFML\include" /ZI /nologo /W3 /WX- /Od /Oy- /D WIN32 /D _DEBUG /D _CONSOLE /D _UNICODE /D UNICODE /Gm /EHsc /RTC1 /MDd /GS /fp:precise /Zc:wchar_t /Zc:forScope /Fo"Debug\\" /Fd"Debug\vc100.pdb" /Gd /TP /analyze- /errorReport:prompt src\main.cpp
         main.cpp
       ManifestResourceCompile:
         All outputs are up-to-date.
       Link:
         C:\Program Files (x86)\Microsoft Visual Studio 10.0\VC\bin\link.exe /ERRORREPORT:PROMPT /OUT:"C:\Users\Joona\Desktop\Kaupallinen-pelisovellus---kes-kurssi\Steamworks\Debug\Steamworks.exe" /INCREMENTAL /NOLOGO /LIBPATH:"C:\Users\Joona\Desktop\Kaupallinen-pelisovellus---kes-kurssi\Steamworks\Dependencies\SFML\lib" "sfml-window-d.lib" "sfml-graphics-d.lib" "sfml-system-d.lib" "sfml-audio-d.lib" kernel32.lib user32.lib gdi32.lib winspool.lib comdlg32.lib advapi32.lib shell32.lib ole32.lib oleaut32.lib uuid.lib odbc32.lib odbccp32.lib /MANIFEST /ManifestFile:"Debug\Steamworks.exe.intermediate.manifest" /MANIFESTUAC:"level='asInvoker' uiAccess='false'" /DEBUG /PDB:"C:\Users\Joona\Desktop\Kaupallinen-pelisovellus---kes-kurssi\Steamworks\Debug\Steamworks.pdb" /SUBSYSTEM:CONSOLE /TLBID:1 /DYNAMICBASE /NXCOMPAT /IMPLIB:"C:\Users\Joona\Desktop\Kaupallinen-pelisovellus---kes-kurssi\Steamworks\Debug\Steamworks.lib" /MACHINE:X86 Debug\Steamworks.exe.embed.manifest.res
         Debug\main.obj
       Manifest:
         C:\Program Files (x86)\Microsoft SDKs\Windows\v7.0A\bin\mt.exe /nologo /verbose /out:"Debug\Steamworks.exe.embed.manifest" /manifest Debug\Steamworks.exe.intermediate.manifest
         All outputs are up-to-date.
       LinkEmbedManifest:
         All outputs are up-to-date.
         Steamworks.vcxproj -> C:\Users\Joona\Desktop\Kaupallinen-pelisovellus---kes-kurssi\Steamworks\Debug\Steamworks.exe
       FinalizeBuildStatus:
         Deleting file "Debug\Steamworks.unsuccessfulbuild".
         Touching "Debug\Steamworks.lastbuildstate".
     1>Done Building Project "C:\Users\Joona\Desktop\Kaupallinen-pelisovellus---kes-kurssi\Steamworks\Steamworks\Steamworks.vcxproj" (build target(s)).

Build succeeded.

Time Elapsed 00:00:02.52
